<?xml version="1.0" encoding="UTF-8"?>
<!-- Generated by org.testng.reporters.JUnitXMLReporter -->
<testsuite ignored="2" hostname="DESKTOP-K8U4OTN" failures="0" tests="2" name="Test" time="0.143" errors="0" timestamp="2023-08-18T17:44:12 IST">
  <testcase classname="practice.TESTlead" name="Testing2" time="0.018"/>
  <testcase classname="practice.Testing" name="testing" time="0.01"/>
  <testcase classname="practice.TESTlead" name="testing" time="0.0">
    <ignored/>
  </testcase> <!-- testing -->
  <testcase classname="practice.Testing" name="testinga" time="0.0">
    <ignored/>
  </testcase> <!-- testinga -->
</testsuite> <!-- Test -->
